[+] Containers:
 |- [+] Container: /Game/TestV2/Maps/FPHorrorExampleMap
 |   |- [+] ActorDescs:
 |   |   |- Guid:088C3DC549C835343BF1AF8CAAC58C7C BaseClass:/Game/TestV2/Blueprints/Interactables/Doors/BP_DoorMaster.BP_DoorMaster_C NativeClass:/Script/Engine.Actor Name:BP_DoorMaster_C_UAID_18C04D00DF8E8CCD01_2010858281 Label:BP_DoorMaster3 SpatiallyLoaded:1 Bounds:IsValid=true, Min=(X=2720.000 Y=70.000 Z=0.000), Max=(X=4640.000 Y=1990.000 Z=211.996) RuntimeGrid:None EditorOnly:0 RuntimeOnly:0 HLODRelevant:0 ListedInSceneOutliner:1 IsMainWorldOnly:0
 |   |   |- Guid:1CABB00B4E160F7E11C182B0F3D2B480 BaseClass: NativeClass:/Script/Engine.SpotLight Name:SpotLight_UAID_18C04D00DF8E8ECD01_2047063634 Label:SpotLight SpatiallyLoaded:1 Bounds:IsValid=true, Min=(X=-1322.101 Y=-4949.274 Z=-6387.591), Max=(X=8012.101 Y=4384.928 Z=2946.610) RuntimeGrid:None EditorOnly:0 RuntimeOnly:0 HLODRelevant:0 ListedInSceneOutliner:1 IsMainWorldOnly:0
 |   |   |- Guid:228BAAA14DE14C97152D7A92ACDAD24E BaseClass: NativeClass:/Script/Engine.SkeletalMeshActor Name:SkeletalMeshActor_UAID_18C04D00DF8E0BA801_1853208503 Label:MF_Idle SpatiallyLoaded:1 Bounds:IsValid=true, Min=(X=3325.036 Y=612.495 Z=316.404), Max=(X=3481.292 Y=757.620 Z=500.615) RuntimeGrid:None EditorOnly:0 RuntimeOnly:0 HLODRelevant:0 ListedInSceneOutliner:1 IsMainWorldOnly:0
 |   |   |- Guid:25CD82BC4C0B4AB757CCAD8C620EBC99 BaseClass: NativeClass:/Script/Engine.PointLight Name:PointLight_UAID_18C04D00DF8EF1A701_1437442969 Label:PointLight5 SpatiallyLoaded:1 Bounds:IsValid=true, Min=(X=2680.000 Y=-390.000 Z=-745.000), Max=(X=4680.000 Y=1610.000 Z=1255.000) RuntimeGrid:None EditorOnly:0 RuntimeOnly:0 HLODRelevant:0 ListedInSceneOutliner:1 IsMainWorldOnly:0
 |   |   |- Guid:28C19F23401CFCF43B85C79E6D27BA76 BaseClass:/Game/TestV2/Blueprints/Interactables/Pickups/BP_Pickup_Flashlight.BP_Pickup_Flashlight_C NativeClass:/Script/Engine.Actor Name:BP_Pickup_Flashlight_C_UAID_18C04D00DF8E05A801_1587974454 Label:BP_Pickup_Flashlight2 SpatiallyLoaded:1 Bounds:IsValid=true, Min=(X=3293.026 Y=11.698 Z=1.418), Max=(X=3316.974 Y=38.302 Z=8.582) RuntimeGrid:None EditorOnly:0 RuntimeOnly:0 HLODRelevant:0 ListedInSceneOutliner:1 IsMainWorldOnly:0
 |   |   |- Guid:5DF4A8654DA24F01EE020FA0074A3758 BaseClass: NativeClass:/Script/Engine.StaticMeshActor Name:StaticMeshActor_UAID_18C04D00DF8E0CA801_2097602684 Label:Plane4 SpatiallyLoaded:1 Bounds:IsValid=true, Min=(X=3390.000 Y=1047.500 Z=1.000), Max=(X=3890.000 Y=1472.500 Z=1.000) RuntimeGrid:None EditorOnly:0 RuntimeOnly:0 HLODRelevant:1 ListedInSceneOutliner:1 IsMainWorldOnly:0
 |   |   |- Guid:5FE7584649BB6F09265329A6C57CFD0D BaseClass: NativeClass:/Script/Engine.VolumetricCloud Name:VolumetricCloud_0 Label:VolumetricCloud SpatiallyLoaded:0 Bounds:IsValid=true, Min=(X=0.000 Y=0.000 Z=820.000), Max=(X=0.000 Y=0.000 Z=820.000) RuntimeGrid:None EditorOnly:0 RuntimeOnly:0 HLODRelevant:0 ListedInSceneOutliner:1 IsMainWorldOnly:0 FolderPath:Lighting FolderGuid:0BA5F0A04EADB18E70D5B180D08FA34B
 |   |   |- Guid:60A23376426F1BFAC0955898573E4C83 BaseClass: NativeClass:/Script/Engine.TextRenderActor Name:TextRenderActor_UAID_18C04D00DF8E0CA801_1089625681 Label:TextRenderActor2 SpatiallyLoaded:1 Bounds:IsValid=true, Min=(X=3621.500 Y=1018.000 Z=230.000), Max=(X=3738.500 Y=1018.000 Z=256.000) RuntimeGrid:None EditorOnly:0 RuntimeOnly:0 HLODRelevant:0 ListedInSceneOutliner:1 IsMainWorldOnly:0
 |   |   |- Guid:61391D344900612A77DFC3BA3E354907 BaseClass: NativeClass:/Script/Engine.ExponentialHeightFog Name:ExponentialHeightFog_0 Label:ExponentialHeightFog SpatiallyLoaded:0 Bounds:IsValid=true, Min=(X=-5600.000 Y=-50.000 Z=-6850.000), Max=(X=-5600.000 Y=-50.000 Z=-6850.000) RuntimeGrid:None EditorOnly:0 RuntimeOnly:0 HLODRelevant:0 ListedInSceneOutliner:1 IsMainWorldOnly:0 FolderPath:Lighting FolderGuid:0BA5F0A04EADB18E70D5B180D08FA34B
 |   |   |- Guid:67B1E5DA4A3E6733D7F2D79A5635FEAC BaseClass:/Game/TestV2/Blueprints/Interactables/Doors/BP_DoorMaster.BP_DoorMaster_C NativeClass:/Script/Engine.Actor Name:BP_DoorMaster_C_UAID_18C04D00DF8E8BCD01_1829059103 Label:BP_DoorMaster SpatiallyLoaded:1 Bounds:IsValid=true, Min=(X=730.000 Y=-1630.000 Z=0.000), Max=(X=2650.000 Y=290.000 Z=211.996) RuntimeGrid:None EditorOnly:0 RuntimeOnly:0 HLODRelevant:0 ListedInSceneOutliner:1 IsMainWorldOnly:0
 |   |   |- Guid:6FEFB3BD4EB37B849EF0D4AC80F83855 BaseClass: NativeClass:/Script/Engine.WorldDataLayers Name:WorldDataLayers Label:WorldDataLayers-1 SpatiallyLoaded:0 Bounds:Invalid RuntimeGrid:None EditorOnly:0 RuntimeOnly:0 HLODRelevant:0 ListedInSceneOutliner:1 IsMainWorldOnly:1
 |   |   |- Guid:8558D8774A3AA7DDC09DE5BA2A00FF05 BaseClass: NativeClass:/Script/Engine.StaticMeshActor Name:StaticMeshActor_UAID_18C04D00DF8EF0A701_1310381755 Label:SM_Cube18 SpatiallyLoaded:1 Bounds:IsValid=true, Min=(X=1680.000 Y=-870.000 Z=-50.000), Max=(X=3880.000 Y=-470.000 Z=0.000) RuntimeGrid:None EditorOnly:0 RuntimeOnly:0 HLODRelevant:1 ListedInSceneOutliner:1 IsMainWorldOnly:0 FolderPath:Playground FolderGuid:6C02BB504B69D1F3D7A624B130C18E5B
 |   |   |- Guid:89D8570A4C48FDF41C6A2C9BFF3E01B8 BaseClass:/Game/TestV2/Blueprints/Interactables/Pickups/BP_Pickup_Flashlight.BP_Pickup_Flashlight_C NativeClass:/Script/Engine.Actor Name:BP_Pickup_Flashlight_C_UAID_F02F74D3DAF1E4E001_1885124831 Label:BP_Pickup_Flashlight3 SpatiallyLoaded:1 Bounds:IsValid=true, Min=(X=1566.962 Y=-787.024 Z=33.886), Max=(X=1590.911 Y=-760.419 Z=41.049) RuntimeGrid:None EditorOnly:0 RuntimeOnly:0 HLODRelevant:0 ListedInSceneOutliner:1 IsMainWorldOnly:0
 |   |   |- Guid:A354B1B24E617A525DC6B48CCDE2417E BaseClass: NativeClass:/Script/Engine.PlayerStart Name:PlayerStart_0 Label:PlayerStart SpatiallyLoaded:0 Bounds:IsValid=true, Min=(X=1290.000 Y=-710.000 Z=0.013), Max=(X=1370.000 Y=-630.000 Z=184.013) RuntimeGrid:None EditorOnly:0 RuntimeOnly:0 HLODRelevant:0 ListedInSceneOutliner:1 IsMainWorldOnly:0
 |   |   |- Guid:B221186C4454C55448DC06824C4A8E38 BaseClass: NativeClass:/Script/Engine.StaticMeshActor Name:StaticMeshActor_UAID_18C04D00DF8EF0A701_1389568759 Label:SM_Cube21 SpatiallyLoaded:1 Bounds:IsValid=true, Min=(X=3230.000 Y=-470.000 Z=-50.000), Max=(X=3880.000 Y=1730.000 Z=0.000) RuntimeGrid:None EditorOnly:0 RuntimeOnly:0 HLODRelevant:1 ListedInSceneOutliner:1 IsMainWorldOnly:0 FolderPath:Playground FolderGuid:6C02BB504B69D1F3D7A624B130C18E5B
 |   |   |- Guid:B8AB7ECC4C3668D0E6F587A98176BC9C BaseClass: NativeClass:/Script/Engine.TargetPoint Name:TargetPoint_UAID_18C04D00DF8E09A801_1909768162 Label:TargetPoint SpatiallyLoaded:1 Bounds:IsValid=true, Min=(X=3580.000 Y=-115.000 Z=0.000), Max=(X=3580.000 Y=-115.000 Z=0.000) RuntimeGrid:None EditorOnly:0 RuntimeOnly:0 HLODRelevant:0 ListedInSceneOutliner:1 IsMainWorldOnly:0
 |   |   |- Guid:BAA7FDCF4643B35A1B095CB87F8003BB BaseClass: NativeClass:/Script/Engine.StaticMeshActor Name:StaticMeshActor_UAID_18C04D00DF8E0CA801_1858915683 Label:Plane3 SpatiallyLoaded:1 Bounds:IsValid=true, Min=(X=3222.500 Y=-290.000 Z=1.000), Max=(X=3547.500 Y=160.000 Z=1.000) RuntimeGrid:None EditorOnly:0 RuntimeOnly:0 HLODRelevant:1 ListedInSceneOutliner:1 IsMainWorldOnly:0
 |   |   |- Guid:C0C56B9644AE3D40CAFF6A878DB29844 BaseClass: NativeClass:/Script/Engine.StaticMeshActor Name:StaticMeshActor_UAID_A4AE111137DC5EFB00_2001720423 Label:SM_SkySphere SpatiallyLoaded:1 Bounds:IsValid=true, Min=(X=-1638400.000 Y=-1638400.000 Z=-1638540.000), Max=(X=1638400.000 Y=1638400.000 Z=1638260.000) RuntimeGrid:None EditorOnly:0 RuntimeOnly:0 HLODRelevant:1 ListedInSceneOutliner:1 IsMainWorldOnly:0 FolderPath:Lighting FolderGuid:0BA5F0A04EADB18E70D5B180D08FA34B
 |   |   |- Guid:C22CE07C4B87D685137FDBBC10FC92C6 BaseClass: NativeClass:/Script/Engine.SkyAtmosphere Name:SkyAtmosphere_0 Label:SkyAtmosphere SpatiallyLoaded:0 Bounds:IsValid=true, Min=(X=0.000 Y=0.000 Z=1020.000), Max=(X=0.000 Y=0.000 Z=1020.000) RuntimeGrid:None EditorOnly:0 RuntimeOnly:0 HLODRelevant:0 ListedInSceneOutliner:1 IsMainWorldOnly:0 FolderPath:Lighting FolderGuid:0BA5F0A04EADB18E70D5B180D08FA34B
 |   |   |- Guid:CE76E5F441BEA2FD567069A21AD7E6E7 BaseClass:/Game/TestV2/Blueprints/Interactables/Doors/BP_DoorMaster.BP_DoorMaster_C NativeClass:/Script/Engine.Actor Name:BP_DoorMaster_C_UAID_18C04D00DF8E8CCD01_1281768280 Label:BP_DoorMaster2 SpatiallyLoaded:1 Bounds:IsValid=true, Min=(X=2610.000 Y=-1075.000 Z=0.000), Max=(X=4530.000 Y=845.000 Z=211.996) RuntimeGrid:None EditorOnly:0 RuntimeOnly:0 HLODRelevant:0 ListedInSceneOutliner:1 IsMainWorldOnly:0
 |   |   |- Guid:CE8D82634660FCDB3120E2B8D547C533 BaseClass: NativeClass:/Script/Engine.PostProcessVolume Name:PostProcessVolume_0 Label:PostProcessVolume SpatiallyLoaded:0 Bounds:IsValid=true, Min=(X=0.000 Y=0.000 Z=400.000), Max=(X=200.000 Y=200.000 Z=600.000) RuntimeGrid:None EditorOnly:0 RuntimeOnly:0 HLODRelevant:0 ListedInSceneOutliner:1 IsMainWorldOnly:0 FolderPath:Lighting FolderGuid:0BA5F0A04EADB18E70D5B180D08FA34B
 |   |   |- Guid:D3BEBB1641BB09387EC6EEA6E993EEB9 BaseClass: NativeClass:/Script/Engine.StaticMeshActor Name:StaticMeshActor_UAID_18C04D00DF8E9BA701_1212548791 Label:Plane SpatiallyLoaded:1 Bounds:IsValid=true, Min=(X=1180.000 Y=-877.500 Z=1.000), Max=(X=1680.000 Y=-452.500 Z=1.000) RuntimeGrid:None EditorOnly:0 RuntimeOnly:0 HLODRelevant:1 ListedInSceneOutliner:1 IsMainWorldOnly:0
 |   |   |- Guid:E5320C1B4FD9764CE7B54D8487AEC613 BaseClass: NativeClass:/Script/Engine.SkyLight Name:SkyLight_0 Label:SkyLight SpatiallyLoaded:0 Bounds:IsValid=true, Min=(X=0.000 Y=0.000 Z=690.000), Max=(X=0.000 Y=0.000 Z=690.000) RuntimeGrid:None EditorOnly:0 RuntimeOnly:0 HLODRelevant:0 ListedInSceneOutliner:1 IsMainWorldOnly:0 FolderPath:Lighting FolderGuid:0BA5F0A04EADB18E70D5B180D08FA34B
 |   |   |- Guid:EDFF0371495F3083BBC90096FB4A3938 BaseClass: NativeClass:/Script/Engine.StaticMeshActor Name:StaticMeshActor_UAID_18C04D00DF8EF1A701_1569407975 Label:SM_Cube52 SpatiallyLoaded:1 Bounds:IsValid=true, Min=(X=1280.000 Y=-870.000 Z=-50.000), Max=(X=1680.000 Y=-470.000 Z=0.000) RuntimeGrid:None EditorOnly:0 RuntimeOnly:0 HLODRelevant:1 ListedInSceneOutliner:1 IsMainWorldOnly:0 FolderPath:Playground FolderGuid:6C02BB504B69D1F3D7A624B130C18E5B
 |   |   |- Guid:F80621C9446867154938FE81375207DA BaseClass: NativeClass:/Script/Engine.DirectionalLight Name:DirectionalLight_1 Label:DirectionalLight SpatiallyLoaded:0 Bounds:IsValid=true, Min=(X=-4398046511104.000 Y=-4398046511104.000 Z=-4398046511104.000), Max=(X=4398046511104.000 Y=4398046511104.000 Z=4398046511104.000) RuntimeGrid:None EditorOnly:0 RuntimeOnly:0 HLODRelevant:0 ListedInSceneOutliner:1 IsMainWorldOnly:0 FolderPath:Lighting FolderGuid:0BA5F0A04EADB18E70D5B180D08FA34B
 |   |- [+] Clusters:
 |   |   |- [+] [  0]
 |   |   |   |- Guid:088C3DC549C835343BF1AF8CAAC58C7C BaseClass:/Game/TestV2/Blueprints/Interactables/Doors/BP_DoorMaster.BP_DoorMaster_C NativeClass:/Script/Engine.Actor Name:BP_DoorMaster_C_UAID_18C04D00DF8E8CCD01_2010858281 Label:BP_DoorMaster3 SpatiallyLoaded:1 Bounds:IsValid=true, Min=(X=2720.000 Y=70.000 Z=0.000), Max=(X=4640.000 Y=1990.000 Z=211.996) RuntimeGrid:None EditorOnly:0 RuntimeOnly:0 HLODRelevant:0 ListedInSceneOutliner:1 IsMainWorldOnly:0
 |   |   |- [+] [  1]
 |   |   |   |- Guid:1CABB00B4E160F7E11C182B0F3D2B480 BaseClass: NativeClass:/Script/Engine.SpotLight Name:SpotLight_UAID_18C04D00DF8E8ECD01_2047063634 Label:SpotLight SpatiallyLoaded:1 Bounds:IsValid=true, Min=(X=-1322.101 Y=-4949.274 Z=-6387.591), Max=(X=8012.101 Y=4384.928 Z=2946.610) RuntimeGrid:None EditorOnly:0 RuntimeOnly:0 HLODRelevant:0 ListedInSceneOutliner:1 IsMainWorldOnly:0
 |   |   |- [+] [  2]
 |   |   |   |- Guid:228BAAA14DE14C97152D7A92ACDAD24E BaseClass: NativeClass:/Script/Engine.SkeletalMeshActor Name:SkeletalMeshActor_UAID_18C04D00DF8E0BA801_1853208503 Label:MF_Idle SpatiallyLoaded:1 Bounds:IsValid=true, Min=(X=3325.036 Y=612.495 Z=316.404), Max=(X=3481.292 Y=757.620 Z=500.615) RuntimeGrid:None EditorOnly:0 RuntimeOnly:0 HLODRelevant:0 ListedInSceneOutliner:1 IsMainWorldOnly:0
 |   |   |- [+] [  3]
 |   |   |   |- Guid:25CD82BC4C0B4AB757CCAD8C620EBC99 BaseClass: NativeClass:/Script/Engine.PointLight Name:PointLight_UAID_18C04D00DF8EF1A701_1437442969 Label:PointLight5 SpatiallyLoaded:1 Bounds:IsValid=true, Min=(X=2680.000 Y=-390.000 Z=-745.000), Max=(X=4680.000 Y=1610.000 Z=1255.000) RuntimeGrid:None EditorOnly:0 RuntimeOnly:0 HLODRelevant:0 ListedInSceneOutliner:1 IsMainWorldOnly:0
 |   |   |- [+] [  4]
 |   |   |   |- Guid:28C19F23401CFCF43B85C79E6D27BA76 BaseClass:/Game/TestV2/Blueprints/Interactables/Pickups/BP_Pickup_Flashlight.BP_Pickup_Flashlight_C NativeClass:/Script/Engine.Actor Name:BP_Pickup_Flashlight_C_UAID_18C04D00DF8E05A801_1587974454 Label:BP_Pickup_Flashlight2 SpatiallyLoaded:1 Bounds:IsValid=true, Min=(X=3293.026 Y=11.698 Z=1.418), Max=(X=3316.974 Y=38.302 Z=8.582) RuntimeGrid:None EditorOnly:0 RuntimeOnly:0 HLODRelevant:0 ListedInSceneOutliner:1 IsMainWorldOnly:0
 |   |   |- [+] [  5]
 |   |   |   |- Guid:5DF4A8654DA24F01EE020FA0074A3758 BaseClass: NativeClass:/Script/Engine.StaticMeshActor Name:StaticMeshActor_UAID_18C04D00DF8E0CA801_2097602684 Label:Plane4 SpatiallyLoaded:1 Bounds:IsValid=true, Min=(X=3390.000 Y=1047.500 Z=1.000), Max=(X=3890.000 Y=1472.500 Z=1.000) RuntimeGrid:None EditorOnly:0 RuntimeOnly:0 HLODRelevant:1 ListedInSceneOutliner:1 IsMainWorldOnly:0
 |   |   |- [+] [  6]
 |   |   |   |- Guid:5FE7584649BB6F09265329A6C57CFD0D BaseClass: NativeClass:/Script/Engine.VolumetricCloud Name:VolumetricCloud_0 Label:VolumetricCloud SpatiallyLoaded:0 Bounds:IsValid=true, Min=(X=0.000 Y=0.000 Z=820.000), Max=(X=0.000 Y=0.000 Z=820.000) RuntimeGrid:None EditorOnly:0 RuntimeOnly:0 HLODRelevant:0 ListedInSceneOutliner:1 IsMainWorldOnly:0 FolderPath:Lighting FolderGuid:0BA5F0A04EADB18E70D5B180D08FA34B
 |   |   |- [+] [  7]
 |   |   |   |- Guid:60A23376426F1BFAC0955898573E4C83 BaseClass: NativeClass:/Script/Engine.TextRenderActor Name:TextRenderActor_UAID_18C04D00DF8E0CA801_1089625681 Label:TextRenderActor2 SpatiallyLoaded:1 Bounds:IsValid=true, Min=(X=3621.500 Y=1018.000 Z=230.000), Max=(X=3738.500 Y=1018.000 Z=256.000) RuntimeGrid:None EditorOnly:0 RuntimeOnly:0 HLODRelevant:0 ListedInSceneOutliner:1 IsMainWorldOnly:0
 |   |   |- [+] [  8]
 |   |   |   |- Guid:61391D344900612A77DFC3BA3E354907 BaseClass: NativeClass:/Script/Engine.ExponentialHeightFog Name:ExponentialHeightFog_0 Label:ExponentialHeightFog SpatiallyLoaded:0 Bounds:IsValid=true, Min=(X=-5600.000 Y=-50.000 Z=-6850.000), Max=(X=-5600.000 Y=-50.000 Z=-6850.000) RuntimeGrid:None EditorOnly:0 RuntimeOnly:0 HLODRelevant:0 ListedInSceneOutliner:1 IsMainWorldOnly:0 FolderPath:Lighting FolderGuid:0BA5F0A04EADB18E70D5B180D08FA34B
 |   |   |- [+] [  9]
 |   |   |   |- Guid:67B1E5DA4A3E6733D7F2D79A5635FEAC BaseClass:/Game/TestV2/Blueprints/Interactables/Doors/BP_DoorMaster.BP_DoorMaster_C NativeClass:/Script/Engine.Actor Name:BP_DoorMaster_C_UAID_18C04D00DF8E8BCD01_1829059103 Label:BP_DoorMaster SpatiallyLoaded:1 Bounds:IsValid=true, Min=(X=730.000 Y=-1630.000 Z=0.000), Max=(X=2650.000 Y=290.000 Z=211.996) RuntimeGrid:None EditorOnly:0 RuntimeOnly:0 HLODRelevant:0 ListedInSceneOutliner:1 IsMainWorldOnly:0
 |   |   |- [+] [ 10]
 |   |   |   |- Guid:6FEFB3BD4EB37B849EF0D4AC80F83855 BaseClass: NativeClass:/Script/Engine.WorldDataLayers Name:WorldDataLayers Label:WorldDataLayers-1 SpatiallyLoaded:0 Bounds:Invalid RuntimeGrid:None EditorOnly:0 RuntimeOnly:0 HLODRelevant:0 ListedInSceneOutliner:1 IsMainWorldOnly:1
 |   |   |- [+] [ 11]
 |   |   |   |- Guid:8558D8774A3AA7DDC09DE5BA2A00FF05 BaseClass: NativeClass:/Script/Engine.StaticMeshActor Name:StaticMeshActor_UAID_18C04D00DF8EF0A701_1310381755 Label:SM_Cube18 SpatiallyLoaded:1 Bounds:IsValid=true, Min=(X=1680.000 Y=-870.000 Z=-50.000), Max=(X=3880.000 Y=-470.000 Z=0.000) RuntimeGrid:None EditorOnly:0 RuntimeOnly:0 HLODRelevant:1 ListedInSceneOutliner:1 IsMainWorldOnly:0 FolderPath:Playground FolderGuid:6C02BB504B69D1F3D7A624B130C18E5B
 |   |   |- [+] [ 12]
 |   |   |   |- Guid:89D8570A4C48FDF41C6A2C9BFF3E01B8 BaseClass:/Game/TestV2/Blueprints/Interactables/Pickups/BP_Pickup_Flashlight.BP_Pickup_Flashlight_C NativeClass:/Script/Engine.Actor Name:BP_Pickup_Flashlight_C_UAID_F02F74D3DAF1E4E001_1885124831 Label:BP_Pickup_Flashlight3 SpatiallyLoaded:1 Bounds:IsValid=true, Min=(X=1566.962 Y=-787.024 Z=33.886), Max=(X=1590.911 Y=-760.419 Z=41.049) RuntimeGrid:None EditorOnly:0 RuntimeOnly:0 HLODRelevant:0 ListedInSceneOutliner:1 IsMainWorldOnly:0
 |   |   |- [+] [ 13]
 |   |   |   |- Guid:A354B1B24E617A525DC6B48CCDE2417E BaseClass: NativeClass:/Script/Engine.PlayerStart Name:PlayerStart_0 Label:PlayerStart SpatiallyLoaded:0 Bounds:IsValid=true, Min=(X=1290.000 Y=-710.000 Z=0.013), Max=(X=1370.000 Y=-630.000 Z=184.013) RuntimeGrid:None EditorOnly:0 RuntimeOnly:0 HLODRelevant:0 ListedInSceneOutliner:1 IsMainWorldOnly:0
 |   |   |- [+] [ 14]
 |   |   |   |- Guid:B221186C4454C55448DC06824C4A8E38 BaseClass: NativeClass:/Script/Engine.StaticMeshActor Name:StaticMeshActor_UAID_18C04D00DF8EF0A701_1389568759 Label:SM_Cube21 SpatiallyLoaded:1 Bounds:IsValid=true, Min=(X=3230.000 Y=-470.000 Z=-50.000), Max=(X=3880.000 Y=1730.000 Z=0.000) RuntimeGrid:None EditorOnly:0 RuntimeOnly:0 HLODRelevant:1 ListedInSceneOutliner:1 IsMainWorldOnly:0 FolderPath:Playground FolderGuid:6C02BB504B69D1F3D7A624B130C18E5B
 |   |   |- [+] [ 15]
 |   |   |   |- Guid:B8AB7ECC4C3668D0E6F587A98176BC9C BaseClass: NativeClass:/Script/Engine.TargetPoint Name:TargetPoint_UAID_18C04D00DF8E09A801_1909768162 Label:TargetPoint SpatiallyLoaded:1 Bounds:IsValid=true, Min=(X=3580.000 Y=-115.000 Z=0.000), Max=(X=3580.000 Y=-115.000 Z=0.000) RuntimeGrid:None EditorOnly:0 RuntimeOnly:0 HLODRelevant:0 ListedInSceneOutliner:1 IsMainWorldOnly:0
 |   |   |- [+] [ 16]
 |   |   |   |- Guid:BAA7FDCF4643B35A1B095CB87F8003BB BaseClass: NativeClass:/Script/Engine.StaticMeshActor Name:StaticMeshActor_UAID_18C04D00DF8E0CA801_1858915683 Label:Plane3 SpatiallyLoaded:1 Bounds:IsValid=true, Min=(X=3222.500 Y=-290.000 Z=1.000), Max=(X=3547.500 Y=160.000 Z=1.000) RuntimeGrid:None EditorOnly:0 RuntimeOnly:0 HLODRelevant:1 ListedInSceneOutliner:1 IsMainWorldOnly:0
 |   |   |- [+] [ 17]
 |   |   |   |- Guid:C0C56B9644AE3D40CAFF6A878DB29844 BaseClass: NativeClass:/Script/Engine.StaticMeshActor Name:StaticMeshActor_UAID_A4AE111137DC5EFB00_2001720423 Label:SM_SkySphere SpatiallyLoaded:1 Bounds:IsValid=true, Min=(X=-1638400.000 Y=-1638400.000 Z=-1638540.000), Max=(X=1638400.000 Y=1638400.000 Z=1638260.000) RuntimeGrid:None EditorOnly:0 RuntimeOnly:0 HLODRelevant:1 ListedInSceneOutliner:1 IsMainWorldOnly:0 FolderPath:Lighting FolderGuid:0BA5F0A04EADB18E70D5B180D08FA34B
 |   |   |- [+] [ 18]
 |   |   |   |- Guid:C22CE07C4B87D685137FDBBC10FC92C6 BaseClass: NativeClass:/Script/Engine.SkyAtmosphere Name:SkyAtmosphere_0 Label:SkyAtmosphere SpatiallyLoaded:0 Bounds:IsValid=true, Min=(X=0.000 Y=0.000 Z=1020.000), Max=(X=0.000 Y=0.000 Z=1020.000) RuntimeGrid:None EditorOnly:0 RuntimeOnly:0 HLODRelevant:0 ListedInSceneOutliner:1 IsMainWorldOnly:0 FolderPath:Lighting FolderGuid:0BA5F0A04EADB18E70D5B180D08FA34B
 |   |   |- [+] [ 19]
 |   |   |   |- Guid:CE76E5F441BEA2FD567069A21AD7E6E7 BaseClass:/Game/TestV2/Blueprints/Interactables/Doors/BP_DoorMaster.BP_DoorMaster_C NativeClass:/Script/Engine.Actor Name:BP_DoorMaster_C_UAID_18C04D00DF8E8CCD01_1281768280 Label:BP_DoorMaster2 SpatiallyLoaded:1 Bounds:IsValid=true, Min=(X=2610.000 Y=-1075.000 Z=0.000), Max=(X=4530.000 Y=845.000 Z=211.996) RuntimeGrid:None EditorOnly:0 RuntimeOnly:0 HLODRelevant:0 ListedInSceneOutliner:1 IsMainWorldOnly:0
 |   |   |- [+] [ 20]
 |   |   |   |- Guid:CE8D82634660FCDB3120E2B8D547C533 BaseClass: NativeClass:/Script/Engine.PostProcessVolume Name:PostProcessVolume_0 Label:PostProcessVolume SpatiallyLoaded:0 Bounds:IsValid=true, Min=(X=0.000 Y=0.000 Z=400.000), Max=(X=200.000 Y=200.000 Z=600.000) RuntimeGrid:None EditorOnly:0 RuntimeOnly:0 HLODRelevant:0 ListedInSceneOutliner:1 IsMainWorldOnly:0 FolderPath:Lighting FolderGuid:0BA5F0A04EADB18E70D5B180D08FA34B
 |   |   |- [+] [ 21]
 |   |   |   |- Guid:D3BEBB1641BB09387EC6EEA6E993EEB9 BaseClass: NativeClass:/Script/Engine.StaticMeshActor Name:StaticMeshActor_UAID_18C04D00DF8E9BA701_1212548791 Label:Plane SpatiallyLoaded:1 Bounds:IsValid=true, Min=(X=1180.000 Y=-877.500 Z=1.000), Max=(X=1680.000 Y=-452.500 Z=1.000) RuntimeGrid:None EditorOnly:0 RuntimeOnly:0 HLODRelevant:1 ListedInSceneOutliner:1 IsMainWorldOnly:0
 |   |   |- [+] [ 22]
 |   |   |   |- Guid:E5320C1B4FD9764CE7B54D8487AEC613 BaseClass: NativeClass:/Script/Engine.SkyLight Name:SkyLight_0 Label:SkyLight SpatiallyLoaded:0 Bounds:IsValid=true, Min=(X=0.000 Y=0.000 Z=690.000), Max=(X=0.000 Y=0.000 Z=690.000) RuntimeGrid:None EditorOnly:0 RuntimeOnly:0 HLODRelevant:0 ListedInSceneOutliner:1 IsMainWorldOnly:0 FolderPath:Lighting FolderGuid:0BA5F0A04EADB18E70D5B180D08FA34B
 |   |   |- [+] [ 23]
 |   |   |   |- Guid:EDFF0371495F3083BBC90096FB4A3938 BaseClass: NativeClass:/Script/Engine.StaticMeshActor Name:StaticMeshActor_UAID_18C04D00DF8EF1A701_1569407975 Label:SM_Cube52 SpatiallyLoaded:1 Bounds:IsValid=true, Min=(X=1280.000 Y=-870.000 Z=-50.000), Max=(X=1680.000 Y=-470.000 Z=0.000) RuntimeGrid:None EditorOnly:0 RuntimeOnly:0 HLODRelevant:1 ListedInSceneOutliner:1 IsMainWorldOnly:0 FolderPath:Playground FolderGuid:6C02BB504B69D1F3D7A624B130C18E5B
 |   |   |- [+] [ 24]
 |   |   |   |- Guid:F80621C9446867154938FE81375207DA BaseClass: NativeClass:/Script/Engine.DirectionalLight Name:DirectionalLight_1 Label:DirectionalLight SpatiallyLoaded:0 Bounds:IsValid=true, Min=(X=-4398046511104.000 Y=-4398046511104.000 Z=-4398046511104.000), Max=(X=4398046511104.000 Y=4398046511104.000 Z=4398046511104.000) RuntimeGrid:None EditorOnly:0 RuntimeOnly:0 HLODRelevant:0 ListedInSceneOutliner:1 IsMainWorldOnly:0 FolderPath:Lighting FolderGuid:0BA5F0A04EADB18E70D5B180D08FA34B
 |- ContainerInstances:
 |- [+] MainContainer:
 |   |-        ID: 00000000000000000000000000000000
 |   |-  ParentID: 00000000000000000000000000000000
 |   |-    Bounds: IsValid=false, Min=(X=0.000 Y=0.000 Z=0.000), Max=(X=0.000 Y=0.000 Z=0.000)
 |   |- Transform: 0.000000,0.000000,0.000000|0.000000,0.000000,-0.000000|1.000000,1.000000,1.000000
 |   |- Container: /Game/TestV2/Maps/FPHorrorExampleMap
----------------------------------------------------------------------------------------------------------------
FPHorrorExampleMap - Persistent Level
----------------------------------------------------------------------------------------------------------------
[+] Content of FPHorrorExampleMap Persistent Level
 |- Always loaded Actor Count: 33 
 |- Actor Path: /Game/TestV2/Maps/FPHorrorExampleMap.FPHorrorExampleMap:PersistentLevel.AbstractNavData-Default
 |- Actor Package: /Game/TestV2/Maps/FPHorrorExampleMap
 |- Actor Path: /Game/TestV2/Maps/FPHorrorExampleMap.FPHorrorExampleMap:PersistentLevel.BP_DoorMaster_C_UAID_18C04D00DF8E8BCD01_1829059103
 |- Actor Package: /Game/__ExternalActors__/TestV2/Maps/FPHorrorExampleMap/1/VY/ALZ9NG4TV3CTC73B2HDU54
 |- Actor Path: /Game/TestV2/Maps/FPHorrorExampleMap.FPHorrorExampleMap:PersistentLevel.BP_DoorMaster_C_UAID_18C04D00DF8E8CCD01_1281768280
 |- Actor Package: /Game/__ExternalActors__/TestV2/Maps/FPHorrorExampleMap/8/2H/S6V74Q7V714A592ALI4FWY
 |- Actor Path: /Game/TestV2/Maps/FPHorrorExampleMap.FPHorrorExampleMap:PersistentLevel.BP_DoorMaster_C_UAID_18C04D00DF8E8CCD01_2010858281
 |- Actor Package: /Game/__ExternalActors__/TestV2/Maps/FPHorrorExampleMap/3/W7/Z1GYTZA0J1BRAN8Q5BEMZ5
 |- Actor Path: /Game/TestV2/Maps/FPHorrorExampleMap.FPHorrorExampleMap:PersistentLevel.BP_Pickup_Flashlight_C_UAID_18C04D00DF8E05A801_1587974454
 |- Actor Package: /Game/__ExternalActors__/TestV2/Maps/FPHorrorExampleMap/D/MS/6DHSWNZZQ734D5R23G2OGA
 |- Actor Path: /Game/TestV2/Maps/FPHorrorExampleMap.FPHorrorExampleMap:PersistentLevel.BP_Pickup_Flashlight_C_UAID_F02F74D3DAF1E4E001_1885124831
 |- Actor Package: /Game/__ExternalActors__/TestV2/Maps/FPHorrorExampleMap/9/TS/RALE9TMJT2569MRGW1SESN
 |- Actor Path: /Game/TestV2/Maps/FPHorrorExampleMap.FPHorrorExampleMap:PersistentLevel.Brush_0
 |- Actor Package: /Game/TestV2/Maps/FPHorrorExampleMap
 |- Actor Path: /Game/TestV2/Maps/FPHorrorExampleMap.FPHorrorExampleMap:PersistentLevel.DefaultPhysicsVolume_0
 |- Actor Package: /Game/TestV2/Maps/FPHorrorExampleMap
 |- Actor Path: /Game/TestV2/Maps/FPHorrorExampleMap.FPHorrorExampleMap:PersistentLevel.DirectionalLight_1
 |- Actor Package: /Game/__ExternalActors__/TestV2/Maps/FPHorrorExampleMap/7/37/JFCLCWDK8R0AP27QKGKGDV
 |- Actor Path: /Game/TestV2/Maps/FPHorrorExampleMap.FPHorrorExampleMap:PersistentLevel.ExponentialHeightFog_0
 |- Actor Package: /Game/__ExternalActors__/TestV2/Maps/FPHorrorExampleMap/3/JQ/TJNT2GM01HYYPLVZREJ1R8
 |- Actor Path: /Game/TestV2/Maps/FPHorrorExampleMap.FPHorrorExampleMap:PersistentLevel.FPHorrorExampleMap_C_21
 |- Actor Package: /Game/TestV2/Maps/FPHorrorExampleMap
 |- Actor Path: /Game/TestV2/Maps/FPHorrorExampleMap.FPHorrorExampleMap:PersistentLevel.GameplayDebuggerPlayerManager_0
 |- Actor Package: /Game/TestV2/Maps/FPHorrorExampleMap
 |- Actor Path: /Game/TestV2/Maps/FPHorrorExampleMap.FPHorrorExampleMap:PersistentLevel.PlayerStart_0
 |- Actor Package: /Game/__ExternalActors__/TestV2/Maps/FPHorrorExampleMap/9/78/OAW8DRUH0S4WUEZSBXA0T2
 |- Actor Path: /Game/TestV2/Maps/FPHorrorExampleMap.FPHorrorExampleMap:PersistentLevel.PointLight_UAID_18C04D00DF8EF1A701_1437442969
 |- Actor Package: /Game/__ExternalActors__/TestV2/Maps/FPHorrorExampleMap/D/34/OVUIUE1FDCZKKB7JRMD0P7
 |- Actor Path: /Game/TestV2/Maps/FPHorrorExampleMap.FPHorrorExampleMap:PersistentLevel.PostProcessVolume_0
 |- Actor Package: /Game/__ExternalActors__/TestV2/Maps/FPHorrorExampleMap/F/0C/1U45OHPRWDLN91CJ8RXQUJ
 |- Actor Path: /Game/TestV2/Maps/FPHorrorExampleMap.FPHorrorExampleMap:PersistentLevel.SkeletalMeshActor_UAID_18C04D00DF8E0BA801_1853208503
 |- Actor Package: /Game/__ExternalActors__/TestV2/Maps/FPHorrorExampleMap/1/M0/ONDO4M5KHGIYCJH68YU5NC
 |- Actor Path: /Game/TestV2/Maps/FPHorrorExampleMap.FPHorrorExampleMap:PersistentLevel.SkyAtmosphere_0
 |- Actor Package: /Game/__ExternalActors__/TestV2/Maps/FPHorrorExampleMap/E/0Q/ZH82MC7LOA22Z9KFOF7JF7
 |- Actor Path: /Game/TestV2/Maps/FPHorrorExampleMap.FPHorrorExampleMap:PersistentLevel.SkyLight_0
 |- Actor Package: /Game/__ExternalActors__/TestV2/Maps/FPHorrorExampleMap/6/H2/4IH1U69BTKMVAXCC0SWFT9
 |- Actor Path: /Game/TestV2/Maps/FPHorrorExampleMap.FPHorrorExampleMap:PersistentLevel.SpotLight_UAID_18C04D00DF8E8ECD01_2047063634
 |- Actor Package: /Game/__ExternalActors__/TestV2/Maps/FPHorrorExampleMap/2/U4/CCDVOLI0SWDZ9IW6WGMUBK
 |- Actor Path: /Game/TestV2/Maps/FPHorrorExampleMap.FPHorrorExampleMap:PersistentLevel.StaticMeshActor_UAID_18C04D00DF8E0CA801_1858915683
 |- Actor Package: /Game/__ExternalActors__/TestV2/Maps/FPHorrorExampleMap/0/ZV/IB543L6D0G1J0HV2PBUAYZ
 |- Actor Path: /Game/TestV2/Maps/FPHorrorExampleMap.FPHorrorExampleMap:PersistentLevel.StaticMeshActor_UAID_18C04D00DF8E0CA801_2097602684
 |- Actor Package: /Game/__ExternalActors__/TestV2/Maps/FPHorrorExampleMap/D/OY/WTLXZQGT96PA9BI8JL8GV2
 |- Actor Path: /Game/TestV2/Maps/FPHorrorExampleMap.FPHorrorExampleMap:PersistentLevel.StaticMeshActor_UAID_18C04D00DF8E9BA701_1212548791
 |- Actor Package: /Game/__ExternalActors__/TestV2/Maps/FPHorrorExampleMap/D/XP/RI36G7DAHCI07EM7TNCFRQ
 |- Actor Path: /Game/TestV2/Maps/FPHorrorExampleMap.FPHorrorExampleMap:PersistentLevel.StaticMeshActor_UAID_18C04D00DF8EF0A701_1310381755
 |- Actor Package: /Game/__ExternalActors__/TestV2/Maps/FPHorrorExampleMap/F/56/K9CNEVOJS112WNGKC50CAY
 |- Actor Path: /Game/TestV2/Maps/FPHorrorExampleMap.FPHorrorExampleMap:PersistentLevel.StaticMeshActor_UAID_18C04D00DF8EF0A701_1389568759
 |- Actor Package: /Game/__ExternalActors__/TestV2/Maps/FPHorrorExampleMap/6/7Z/XLFXXWN4I25ML95ML1Q831
 |- Actor Path: /Game/TestV2/Maps/FPHorrorExampleMap.FPHorrorExampleMap:PersistentLevel.StaticMeshActor_UAID_18C04D00DF8EF1A701_1569407975
 |- Actor Package: /Game/__ExternalActors__/TestV2/Maps/FPHorrorExampleMap/0/KX/R8DEDBSDASE7MKLCL2PVNV
 |- Actor Path: /Game/TestV2/Maps/FPHorrorExampleMap.FPHorrorExampleMap:PersistentLevel.StaticMeshActor_UAID_A4AE111137DC5EFB00_2001720423
 |- Actor Package: /Game/__ExternalActors__/TestV2/Maps/FPHorrorExampleMap/8/KZ/2TDFL9ZW15M13B19RGPVA6
 |- Actor Path: /Game/TestV2/Maps/FPHorrorExampleMap.FPHorrorExampleMap:PersistentLevel.TargetPoint_UAID_18C04D00DF8E09A801_1909768162
 |- Actor Package: /Game/__ExternalActors__/TestV2/Maps/FPHorrorExampleMap/7/DE/PL3HCC3WTJC2KPAAQVYJEG
 |- Actor Path: /Game/TestV2/Maps/FPHorrorExampleMap.FPHorrorExampleMap:PersistentLevel.TextRenderActor_UAID_18C04D00DF8E0CA801_1089625681
 |- Actor Package: /Game/__ExternalActors__/TestV2/Maps/FPHorrorExampleMap/D/SR/7JZVUUYE3VBNRQG4V9G53G
 |- Actor Path: /Game/TestV2/Maps/FPHorrorExampleMap.FPHorrorExampleMap:PersistentLevel.VolumetricCloud_0
 |- Actor Package: /Game/__ExternalActors__/TestV2/Maps/FPHorrorExampleMap/9/ZN/53EO61BL4YP2OXEZWE538S
 |- Actor Path: /Game/TestV2/Maps/FPHorrorExampleMap.FPHorrorExampleMap:PersistentLevel.WorldDataLayers
 |- Actor Package: /Game/__ExternalActors__/TestV2/Maps/FPHorrorExampleMap/5/VD/CU291VWFSUTXZR82IIB8K9
 |- Actor Path: /Game/TestV2/Maps/FPHorrorExampleMap.FPHorrorExampleMap:PersistentLevel.WorldDataLayers
 |- Actor Package: /Game/__ExternalActors__/TestV2/Maps/FPHorrorExampleMap/5/VD/CU291VWFSUTXZR82IIB8K9
 |- Actor Path: /Game/TestV2/Maps/FPHorrorExampleMap.FPHorrorExampleMap:PersistentLevel.WorldInfo_0
 |- Actor Package: /Game/TestV2/Maps/FPHorrorExampleMap
 |- Actor Path: /Game/TestV2/Maps/FPHorrorExampleMap.FPHorrorExampleMap:PersistentLevel.WorldPartitionMiniMap_0
 |- Actor Package: /Game/__ExternalActors__/TestV2/Maps/FPHorrorExampleMap/0/DY/AK8Q04Y67EBLIPGEZLH1OU

----------------------------------------------------------------------------------------------------------------
FPHorrorExampleMap - Runtime Spatial Hash - Streaming Grid - MainGrid
----------------------------------------------------------------------------------------------------------------
            Origin: X=0.000 Y=0.000 Z=0.000
         Cell Size: 12800
      World Bounds: IsValid=false, Min=(X=0.000 Y=0.000 Z=0.000), Max=(X=0.000 Y=0.000 Z=0.000)
     Loading Range: 25600.00
Block Slow Loading: No
 ClientOnlyVisible: No
            Origin: X=0.000 Y=0.000 Z=0.000

[+] Grid Levels: 1
 |- Level  0: Cell Count    0 | Cell Size   12800 | Actor Count    0 (0.0%)

[+] Content of Grid Level 0

